<?xml version="1.0" encoding="UTF-8"?>
<testng-results skipped="0" failed="0" ignored="0" total="1" passed="1">
  <reporter-output>
  </reporter-output>
  <suite name="Suite" duration-ms="51415" started-at="2021-09-03T15:42:45 IST" finished-at="2021-09-03T15:43:37 IST">
    <groups>
    </groups>
    <test name="Test" duration-ms="51415" started-at="2021-09-03T15:42:45 IST" finished-at="2021-09-03T15:43:37 IST">
      <class name="com.LoginAndSearch.Testcases.TC001_Login_And_Search">
        <test-method status="PASS" signature="setUp()[pri:0, instance:com.LoginAndSearch.Testcases.TC001_Login_And_Search@2d6eabae]" name="setUp" is-config="true" duration-ms="7685" started-at="2021-09-03T15:42:45 IST" finished-at="2021-09-03T15:42:53 IST">
          <reporter-output>
          </reporter-output>
        </test-method> <!-- setUp -->
        <test-method status="PASS" signature="login_and_searchProduct()[pri:0, instance:com.LoginAndSearch.Testcases.TC001_Login_And_Search@2d6eabae]" name="login_and_searchProduct" duration-ms="43551" started-at="2021-09-03T15:42:53 IST" finished-at="2021-09-03T15:43:36 IST">
          <reporter-output>
          </reporter-output>
        </test-method> <!-- login_and_searchProduct -->
        <test-method status="PASS" signature="tear_Down()[pri:0, instance:com.LoginAndSearch.Testcases.TC001_Login_And_Search@2d6eabae]" name="tear_Down" is-config="true" duration-ms="138" started-at="2021-09-03T15:43:36 IST" finished-at="2021-09-03T15:43:37 IST">
          <reporter-output>
          </reporter-output>
        </test-method> <!-- tear_Down -->
      </class> <!-- com.LoginAndSearch.Testcases.TC001_Login_And_Search -->
    </test> <!-- Test -->
  </suite> <!-- Suite -->
</testng-results>
